c:\users\pdaukin\documents\visual studio 2017\projects\holoremotingplugin\holoremotingplugin\debug\holoremotingplugin.pch
c:\users\pdaukin\documents\visual studio 2017\projects\holoremotingplugin\holoremotingplugin\debug\vc141.pdb
c:\users\pdaukin\documents\visual studio 2017\projects\holoremotingplugin\holoremotingplugin\debug\vc141.idb
c:\users\pdaukin\documents\visual studio 2017\projects\holoremotingplugin\holoremotingplugin\debug\stdafx.obj
c:\users\pdaukin\documents\visual studio 2017\projects\holoremotingplugin\holoremotingplugin\debug\holoremotingplugin.obj
c:\users\pdaukin\documents\visual studio 2017\projects\holoremotingplugin\holoremotingplugin\debug\dllmain.obj
c:\users\pdaukin\documents\visual studio 2017\projects\holoremotingplugin\debug\microsoft.perception.simulation.dll
c:\users\pdaukin\documents\visual studio 2017\projects\holoremotingplugin\debug\perceptionsimulationmanager.dll
c:\users\pdaukin\documents\visual studio 2017\projects\holoremotingplugin\debug\holographicstreamerdesktop.dll
c:\users\pdaukin\documents\visual studio 2017\projects\holoremotingplugin\debug\holoremotingplugin.lib
c:\users\pdaukin\documents\visual studio 2017\projects\holoremotingplugin\debug\holoremotingplugin.exp
c:\users\pdaukin\documents\visual studio 2017\projects\holoremotingplugin\debug\holoremotingplugin.dll
c:\users\pdaukin\documents\visual studio 2017\projects\holoremotingplugin\debug\holoremotingplugin.ilk
c:\users\pdaukin\documents\visual studio 2017\projects\holoremotingplugin\debug\holoremotingplugin.pdb
c:\users\pdaukin\documents\visual studio 2017\projects\holoremotingplugin\holoremotingplugin\debug\holoremo.21a65620.tlog\cl.command.1.tlog
c:\users\pdaukin\documents\visual studio 2017\projects\holoremotingplugin\holoremotingplugin\debug\holoremo.21a65620.tlog\cl.read.1.tlog
c:\users\pdaukin\documents\visual studio 2017\projects\holoremotingplugin\holoremotingplugin\debug\holoremo.21a65620.tlog\cl.write.1.tlog
c:\users\pdaukin\documents\visual studio 2017\projects\holoremotingplugin\holoremotingplugin\debug\holoremo.21a65620.tlog\holoremotingplugin.write.1u.tlog
c:\users\pdaukin\documents\visual studio 2017\projects\holoremotingplugin\holoremotingplugin\debug\holoremo.21a65620.tlog\link.command.1.tlog
c:\users\pdaukin\documents\visual studio 2017\projects\holoremotingplugin\holoremotingplugin\debug\holoremo.21a65620.tlog\link.read.1.tlog
c:\users\pdaukin\documents\visual studio 2017\projects\holoremotingplugin\holoremotingplugin\debug\holoremo.21a65620.tlog\link.write.1.tlog
